// Output created by jacc on Sun Jun 09 20:32:49 CST 2013

state 0 (entry on prog)
    $accept : _prog $end

    BOOLEAN shift 4
    FST shift 5
    FUN shift 6
    HEAD shift 7
    IDENT shift 8
    IF shift 9
    INTEGER shift 10
    LET shift 11
    NIL shift 12
    NOT shift 13
    SND shift 14
    TAIL shift 15
    WHILE shift 16
    '(' shift 17
    '~' shift 18
    . error

    prog goto 1
    expr goto 2
    val goto 3

state 1 (entry on prog)
    $accept : prog_$end

    $end accept
    . error

state 2 (entry on expr)
    prog : expr_    (1)
    expr : expr_COLONCOLON expr    (4)
    expr : expr_'+' expr    (7)
    expr : expr_'-' expr    (8)
    expr : expr_'*' expr    (9)
    expr : expr_'/' expr    (10)
    expr : expr_'=' expr    (11)
    expr : expr_'>' expr    (12)
    expr : expr_'<' expr    (13)
    expr : expr_AND expr    (14)
    expr : expr_OR expr    (15)
    expr : expr_COLONEQUAL expr    (20)
    expr : expr_';' expr    (21)

    AND shift 19
    COLONCOLON shift 20
    COLONEQUAL shift 21
    OR shift 22
    '*' shift 23
    '+' shift 24
    '-' shift 25
    '/' shift 26
    ';' shift 27
    '<' shift 28
    '=' shift 29
    '>' shift 30
    $end reduce 1
    . error

state 3 (entry on val)
    expr : val_    (3)

    ALLOW error
    '$' error
    UNIT error
    FALSE error
    error error
    TRUE error
    . reduce 3

state 4 (entry on BOOLEAN)
    val : BOOLEAN_    (29)

    ALLOW error
    '$' error
    UNIT error
    FALSE error
    error error
    TRUE error
    . reduce 29

state 5 (entry on FST)
    expr : FST_expr    (23)

    BOOLEAN shift 4
    FST shift 5
    FUN shift 6
    HEAD shift 7
    IDENT shift 8
    IF shift 9
    INTEGER shift 10
    LET shift 11
    NIL shift 12
    NOT shift 13
    SND shift 14
    TAIL shift 15
    WHILE shift 16
    '(' shift 17
    '~' shift 18
    . error

    expr goto 31
    val goto 3

state 6 (entry on FUN)
    val : FUN_IDENT ALLOW expr    (32)

    IDENT shift 32
    . error

state 7 (entry on HEAD)
    expr : HEAD_expr    (25)

    BOOLEAN shift 4
    FST shift 5
    FUN shift 6
    HEAD shift 7
    IDENT shift 8
    IF shift 9
    INTEGER shift 10
    LET shift 11
    NIL shift 12
    NOT shift 13
    SND shift 14
    TAIL shift 15
    WHILE shift 16
    '(' shift 17
    '~' shift 18
    . error

    expr goto 33
    val goto 3

state 8 (entry on IDENT)
    expr : IDENT_    (2)

    ALLOW error
    '$' error
    UNIT error
    FALSE error
    error error
    TRUE error
    . reduce 2

state 9 (entry on IF)
    expr : IF_expr THEN expr ELSE expr END    (19)

    BOOLEAN shift 4
    FST shift 5
    FUN shift 6
    HEAD shift 7
    IDENT shift 8
    IF shift 9
    INTEGER shift 10
    LET shift 11
    NIL shift 12
    NOT shift 13
    SND shift 14
    TAIL shift 15
    WHILE shift 16
    '(' shift 17
    '~' shift 18
    . error

    expr goto 34
    val goto 3

state 10 (entry on INTEGER)
    val : INTEGER_    (28)

    ALLOW error
    '$' error
    UNIT error
    FALSE error
    error error
    TRUE error
    . reduce 28

state 11 (entry on LET)
    expr : LET_IDENT '=' expr IN expr END    (18)

    IDENT shift 35
    . error

state 12 (entry on NIL)
    val : NIL_    (30)

    ALLOW error
    '$' error
    UNIT error
    FALSE error
    error error
    TRUE error
    . reduce 30

state 13 (entry on NOT)
    expr : NOT_expr    (17)

    BOOLEAN shift 4
    FST shift 5
    FUN shift 6
    HEAD shift 7
    IDENT shift 8
    IF shift 9
    INTEGER shift 10
    LET shift 11
    NIL shift 12
    NOT shift 13
    SND shift 14
    TAIL shift 15
    WHILE shift 16
    '(' shift 17
    '~' shift 18
    . error

    expr goto 36
    val goto 3

state 14 (entry on SND)
    expr : SND_expr    (24)

    BOOLEAN shift 4
    FST shift 5
    FUN shift 6
    HEAD shift 7
    IDENT shift 8
    IF shift 9
    INTEGER shift 10
    LET shift 11
    NIL shift 12
    NOT shift 13
    SND shift 14
    TAIL shift 15
    WHILE shift 16
    '(' shift 17
    '~' shift 18
    . error

    expr goto 37
    val goto 3

state 15 (entry on TAIL)
    expr : TAIL_expr    (26)

    BOOLEAN shift 4
    FST shift 5
    FUN shift 6
    HEAD shift 7
    IDENT shift 8
    IF shift 9
    INTEGER shift 10
    LET shift 11
    NIL shift 12
    NOT shift 13
    SND shift 14
    TAIL shift 15
    WHILE shift 16
    '(' shift 17
    '~' shift 18
    . error

    expr goto 38
    val goto 3

state 16 (entry on WHILE)
    expr : WHILE_expr DO expr END    (22)

    BOOLEAN shift 4
    FST shift 5
    FUN shift 6
    HEAD shift 7
    IDENT shift 8
    IF shift 9
    INTEGER shift 10
    LET shift 11
    NIL shift 12
    NOT shift 13
    SND shift 14
    TAIL shift 15
    WHILE shift 16
    '(' shift 17
    '~' shift 18
    . error

    expr goto 39
    val goto 3

state 17 (entry on '(')
    expr : '('_expr ',' expr ')'    (5)
    expr : '('_expr expr ')'    (6)
    expr : '('_expr ')'    (27)
    val : '('_')'    (31)

    BOOLEAN shift 4
    FST shift 5
    FUN shift 6
    HEAD shift 7
    IDENT shift 8
    IF shift 9
    INTEGER shift 10
    LET shift 11
    NIL shift 12
    NOT shift 13
    SND shift 14
    TAIL shift 15
    WHILE shift 16
    '(' shift 17
    '~' shift 18
    ')' shift 41
    . error

    expr goto 40
    val goto 3

state 18 (entry on '~')
    expr : '~'_expr    (16)

    BOOLEAN shift 4
    FST shift 5
    FUN shift 6
    HEAD shift 7
    IDENT shift 8
    IF shift 9
    INTEGER shift 10
    LET shift 11
    NIL shift 12
    NOT shift 13
    SND shift 14
    TAIL shift 15
    WHILE shift 16
    '(' shift 17
    '~' shift 18
    . error

    expr goto 42
    val goto 3

state 19 (entry on AND)
    expr : expr AND_expr    (14)

    BOOLEAN shift 4
    FST shift 5
    FUN shift 6
    HEAD shift 7
    IDENT shift 8
    IF shift 9
    INTEGER shift 10
    LET shift 11
    NIL shift 12
    NOT shift 13
    SND shift 14
    TAIL shift 15
    WHILE shift 16
    '(' shift 17
    '~' shift 18
    . error

    expr goto 43
    val goto 3

state 20 (entry on COLONCOLON)
    expr : expr COLONCOLON_expr    (4)

    BOOLEAN shift 4
    FST shift 5
    FUN shift 6
    HEAD shift 7
    IDENT shift 8
    IF shift 9
    INTEGER shift 10
    LET shift 11
    NIL shift 12
    NOT shift 13
    SND shift 14
    TAIL shift 15
    WHILE shift 16
    '(' shift 17
    '~' shift 18
    . error

    expr goto 44
    val goto 3

state 21 (entry on COLONEQUAL)
    expr : expr COLONEQUAL_expr    (20)

    BOOLEAN shift 4
    FST shift 5
    FUN shift 6
    HEAD shift 7
    IDENT shift 8
    IF shift 9
    INTEGER shift 10
    LET shift 11
    NIL shift 12
    NOT shift 13
    SND shift 14
    TAIL shift 15
    WHILE shift 16
    '(' shift 17
    '~' shift 18
    . error

    expr goto 45
    val goto 3

state 22 (entry on OR)
    expr : expr OR_expr    (15)

    BOOLEAN shift 4
    FST shift 5
    FUN shift 6
    HEAD shift 7
    IDENT shift 8
    IF shift 9
    INTEGER shift 10
    LET shift 11
    NIL shift 12
    NOT shift 13
    SND shift 14
    TAIL shift 15
    WHILE shift 16
    '(' shift 17
    '~' shift 18
    . error

    expr goto 46
    val goto 3

state 23 (entry on '*')
    expr : expr '*'_expr    (9)

    BOOLEAN shift 4
    FST shift 5
    FUN shift 6
    HEAD shift 7
    IDENT shift 8
    IF shift 9
    INTEGER shift 10
    LET shift 11
    NIL shift 12
    NOT shift 13
    SND shift 14
    TAIL shift 15
    WHILE shift 16
    '(' shift 17
    '~' shift 18
    . error

    expr goto 47
    val goto 3

state 24 (entry on '+')
    expr : expr '+'_expr    (7)

    BOOLEAN shift 4
    FST shift 5
    FUN shift 6
    HEAD shift 7
    IDENT shift 8
    IF shift 9
    INTEGER shift 10
    LET shift 11
    NIL shift 12
    NOT shift 13
    SND shift 14
    TAIL shift 15
    WHILE shift 16
    '(' shift 17
    '~' shift 18
    . error

    expr goto 48
    val goto 3

state 25 (entry on '-')
    expr : expr '-'_expr    (8)

    BOOLEAN shift 4
    FST shift 5
    FUN shift 6
    HEAD shift 7
    IDENT shift 8
    IF shift 9
    INTEGER shift 10
    LET shift 11
    NIL shift 12
    NOT shift 13
    SND shift 14
    TAIL shift 15
    WHILE shift 16
    '(' shift 17
    '~' shift 18
    . error

    expr goto 49
    val goto 3

state 26 (entry on '/')
    expr : expr '/'_expr    (10)

    BOOLEAN shift 4
    FST shift 5
    FUN shift 6
    HEAD shift 7
    IDENT shift 8
    IF shift 9
    INTEGER shift 10
    LET shift 11
    NIL shift 12
    NOT shift 13
    SND shift 14
    TAIL shift 15
    WHILE shift 16
    '(' shift 17
    '~' shift 18
    . error

    expr goto 50
    val goto 3

state 27 (entry on ';')
    expr : expr ';'_expr    (21)

    BOOLEAN shift 4
    FST shift 5
    FUN shift 6
    HEAD shift 7
    IDENT shift 8
    IF shift 9
    INTEGER shift 10
    LET shift 11
    NIL shift 12
    NOT shift 13
    SND shift 14
    TAIL shift 15
    WHILE shift 16
    '(' shift 17
    '~' shift 18
    . error

    expr goto 51
    val goto 3

state 28 (entry on '<')
    expr : expr '<'_expr    (13)

    BOOLEAN shift 4
    FST shift 5
    FUN shift 6
    HEAD shift 7
    IDENT shift 8
    IF shift 9
    INTEGER shift 10
    LET shift 11
    NIL shift 12
    NOT shift 13
    SND shift 14
    TAIL shift 15
    WHILE shift 16
    '(' shift 17
    '~' shift 18
    . error

    expr goto 52
    val goto 3

state 29 (entry on '=')
    expr : expr '='_expr    (11)

    BOOLEAN shift 4
    FST shift 5
    FUN shift 6
    HEAD shift 7
    IDENT shift 8
    IF shift 9
    INTEGER shift 10
    LET shift 11
    NIL shift 12
    NOT shift 13
    SND shift 14
    TAIL shift 15
    WHILE shift 16
    '(' shift 17
    '~' shift 18
    . error

    expr goto 53
    val goto 3

state 30 (entry on '>')
    expr : expr '>'_expr    (12)

    BOOLEAN shift 4
    FST shift 5
    FUN shift 6
    HEAD shift 7
    IDENT shift 8
    IF shift 9
    INTEGER shift 10
    LET shift 11
    NIL shift 12
    NOT shift 13
    SND shift 14
    TAIL shift 15
    WHILE shift 16
    '(' shift 17
    '~' shift 18
    . error

    expr goto 54
    val goto 3

31: shift/reduce conflict (shift 19 and red'n 23) on AND
31: shift/reduce conflict (shift 20 and red'n 23) on COLONCOLON
31: shift/reduce conflict (shift 21 and red'n 23) on COLONEQUAL
31: shift/reduce conflict (shift 22 and red'n 23) on OR
31: shift/reduce conflict (shift 23 and red'n 23) on '*'
31: shift/reduce conflict (shift 24 and red'n 23) on '+'
31: shift/reduce conflict (shift 25 and red'n 23) on '-'
31: shift/reduce conflict (shift 26 and red'n 23) on '/'
31: shift/reduce conflict (shift 27 and red'n 23) on ';'
31: shift/reduce conflict (shift 28 and red'n 23) on '<'
31: shift/reduce conflict (shift 29 and red'n 23) on '='
31: shift/reduce conflict (shift 30 and red'n 23) on '>'
state 31 (entry on expr)
    expr : expr_COLONCOLON expr    (4)
    expr : expr_'+' expr    (7)
    expr : expr_'-' expr    (8)
    expr : expr_'*' expr    (9)
    expr : expr_'/' expr    (10)
    expr : expr_'=' expr    (11)
    expr : expr_'>' expr    (12)
    expr : expr_'<' expr    (13)
    expr : expr_AND expr    (14)
    expr : expr_OR expr    (15)
    expr : expr_COLONEQUAL expr    (20)
    expr : expr_';' expr    (21)
    expr : FST expr_    (23)

    '$' error
    FALSE error
    error error
    UNIT error
    TRUE error
    ALLOW error
    AND shift 19
    COLONCOLON shift 20
    COLONEQUAL shift 21
    OR shift 22
    '*' shift 23
    '+' shift 24
    '-' shift 25
    '/' shift 26
    ';' shift 27
    '<' shift 28
    '=' shift 29
    '>' shift 30
    . reduce 23

state 32 (entry on IDENT)
    val : FUN IDENT_ALLOW expr    (32)

    ALLOW shift 55
    . error

33: shift/reduce conflict (shift 19 and red'n 25) on AND
33: shift/reduce conflict (shift 20 and red'n 25) on COLONCOLON
33: shift/reduce conflict (shift 21 and red'n 25) on COLONEQUAL
33: shift/reduce conflict (shift 22 and red'n 25) on OR
33: shift/reduce conflict (shift 23 and red'n 25) on '*'
33: shift/reduce conflict (shift 24 and red'n 25) on '+'
33: shift/reduce conflict (shift 25 and red'n 25) on '-'
33: shift/reduce conflict (shift 26 and red'n 25) on '/'
33: shift/reduce conflict (shift 27 and red'n 25) on ';'
33: shift/reduce conflict (shift 28 and red'n 25) on '<'
33: shift/reduce conflict (shift 29 and red'n 25) on '='
33: shift/reduce conflict (shift 30 and red'n 25) on '>'
state 33 (entry on expr)
    expr : expr_COLONCOLON expr    (4)
    expr : expr_'+' expr    (7)
    expr : expr_'-' expr    (8)
    expr : expr_'*' expr    (9)
    expr : expr_'/' expr    (10)
    expr : expr_'=' expr    (11)
    expr : expr_'>' expr    (12)
    expr : expr_'<' expr    (13)
    expr : expr_AND expr    (14)
    expr : expr_OR expr    (15)
    expr : expr_COLONEQUAL expr    (20)
    expr : expr_';' expr    (21)
    expr : HEAD expr_    (25)

    '$' error
    FALSE error
    error error
    UNIT error
    TRUE error
    ALLOW error
    AND shift 19
    COLONCOLON shift 20
    COLONEQUAL shift 21
    OR shift 22
    '*' shift 23
    '+' shift 24
    '-' shift 25
    '/' shift 26
    ';' shift 27
    '<' shift 28
    '=' shift 29
    '>' shift 30
    . reduce 25

state 34 (entry on expr)
    expr : expr_COLONCOLON expr    (4)
    expr : expr_'+' expr    (7)
    expr : expr_'-' expr    (8)
    expr : expr_'*' expr    (9)
    expr : expr_'/' expr    (10)
    expr : expr_'=' expr    (11)
    expr : expr_'>' expr    (12)
    expr : expr_'<' expr    (13)
    expr : expr_AND expr    (14)
    expr : expr_OR expr    (15)
    expr : IF expr_THEN expr ELSE expr END    (19)
    expr : expr_COLONEQUAL expr    (20)
    expr : expr_';' expr    (21)

    AND shift 19
    COLONCOLON shift 20
    COLONEQUAL shift 21
    OR shift 22
    '*' shift 23
    '+' shift 24
    '-' shift 25
    '/' shift 26
    ';' shift 27
    '<' shift 28
    '=' shift 29
    '>' shift 30
    THEN shift 56
    . error

state 35 (entry on IDENT)
    expr : LET IDENT_'=' expr IN expr END    (18)

    '=' shift 57
    . error

36: shift/reduce conflict (shift 27 and red'n 17) on ';'
state 36 (entry on expr)
    expr : expr_COLONCOLON expr    (4)
    expr : expr_'+' expr    (7)
    expr : expr_'-' expr    (8)
    expr : expr_'*' expr    (9)
    expr : expr_'/' expr    (10)
    expr : expr_'=' expr    (11)
    expr : expr_'>' expr    (12)
    expr : expr_'<' expr    (13)
    expr : expr_AND expr    (14)
    expr : expr_OR expr    (15)
    expr : NOT expr_    (17)
    expr : expr_COLONEQUAL expr    (20)
    expr : expr_';' expr    (21)

    '$' error
    FALSE error
    error error
    UNIT error
    TRUE error
    ALLOW error
    AND shift 19
    COLONCOLON shift 20
    COLONEQUAL shift 21
    OR shift 22
    '*' shift 23
    '+' shift 24
    '-' shift 25
    '/' shift 26
    ';' shift 27
    '<' shift 28
    '=' shift 29
    '>' shift 30
    . reduce 17

37: shift/reduce conflict (shift 19 and red'n 24) on AND
37: shift/reduce conflict (shift 20 and red'n 24) on COLONCOLON
37: shift/reduce conflict (shift 21 and red'n 24) on COLONEQUAL
37: shift/reduce conflict (shift 22 and red'n 24) on OR
37: shift/reduce conflict (shift 23 and red'n 24) on '*'
37: shift/reduce conflict (shift 24 and red'n 24) on '+'
37: shift/reduce conflict (shift 25 and red'n 24) on '-'
37: shift/reduce conflict (shift 26 and red'n 24) on '/'
37: shift/reduce conflict (shift 27 and red'n 24) on ';'
37: shift/reduce conflict (shift 28 and red'n 24) on '<'
37: shift/reduce conflict (shift 29 and red'n 24) on '='
37: shift/reduce conflict (shift 30 and red'n 24) on '>'
state 37 (entry on expr)
    expr : expr_COLONCOLON expr    (4)
    expr : expr_'+' expr    (7)
    expr : expr_'-' expr    (8)
    expr : expr_'*' expr    (9)
    expr : expr_'/' expr    (10)
    expr : expr_'=' expr    (11)
    expr : expr_'>' expr    (12)
    expr : expr_'<' expr    (13)
    expr : expr_AND expr    (14)
    expr : expr_OR expr    (15)
    expr : expr_COLONEQUAL expr    (20)
    expr : expr_';' expr    (21)
    expr : SND expr_    (24)

    '$' error
    FALSE error
    error error
    UNIT error
    TRUE error
    ALLOW error
    AND shift 19
    COLONCOLON shift 20
    COLONEQUAL shift 21
    OR shift 22
    '*' shift 23
    '+' shift 24
    '-' shift 25
    '/' shift 26
    ';' shift 27
    '<' shift 28
    '=' shift 29
    '>' shift 30
    . reduce 24

38: shift/reduce conflict (shift 19 and red'n 26) on AND
38: shift/reduce conflict (shift 20 and red'n 26) on COLONCOLON
38: shift/reduce conflict (shift 21 and red'n 26) on COLONEQUAL
38: shift/reduce conflict (shift 22 and red'n 26) on OR
38: shift/reduce conflict (shift 23 and red'n 26) on '*'
38: shift/reduce conflict (shift 24 and red'n 26) on '+'
38: shift/reduce conflict (shift 25 and red'n 26) on '-'
38: shift/reduce conflict (shift 26 and red'n 26) on '/'
38: shift/reduce conflict (shift 27 and red'n 26) on ';'
38: shift/reduce conflict (shift 28 and red'n 26) on '<'
38: shift/reduce conflict (shift 29 and red'n 26) on '='
38: shift/reduce conflict (shift 30 and red'n 26) on '>'
state 38 (entry on expr)
    expr : expr_COLONCOLON expr    (4)
    expr : expr_'+' expr    (7)
    expr : expr_'-' expr    (8)
    expr : expr_'*' expr    (9)
    expr : expr_'/' expr    (10)
    expr : expr_'=' expr    (11)
    expr : expr_'>' expr    (12)
    expr : expr_'<' expr    (13)
    expr : expr_AND expr    (14)
    expr : expr_OR expr    (15)
    expr : expr_COLONEQUAL expr    (20)
    expr : expr_';' expr    (21)
    expr : TAIL expr_    (26)

    '$' error
    FALSE error
    error error
    UNIT error
    TRUE error
    ALLOW error
    AND shift 19
    COLONCOLON shift 20
    COLONEQUAL shift 21
    OR shift 22
    '*' shift 23
    '+' shift 24
    '-' shift 25
    '/' shift 26
    ';' shift 27
    '<' shift 28
    '=' shift 29
    '>' shift 30
    . reduce 26

state 39 (entry on expr)
    expr : expr_COLONCOLON expr    (4)
    expr : expr_'+' expr    (7)
    expr : expr_'-' expr    (8)
    expr : expr_'*' expr    (9)
    expr : expr_'/' expr    (10)
    expr : expr_'=' expr    (11)
    expr : expr_'>' expr    (12)
    expr : expr_'<' expr    (13)
    expr : expr_AND expr    (14)
    expr : expr_OR expr    (15)
    expr : expr_COLONEQUAL expr    (20)
    expr : expr_';' expr    (21)
    expr : WHILE expr_DO expr END    (22)

    AND shift 19
    COLONCOLON shift 20
    COLONEQUAL shift 21
    OR shift 22
    '*' shift 23
    '+' shift 24
    '-' shift 25
    '/' shift 26
    ';' shift 27
    '<' shift 28
    '=' shift 29
    '>' shift 30
    DO shift 58
    . error

state 40 (entry on expr)
    expr : expr_COLONCOLON expr    (4)
    expr : '(' expr_',' expr ')'    (5)
    expr : '(' expr_expr ')'    (6)
    expr : expr_'+' expr    (7)
    expr : expr_'-' expr    (8)
    expr : expr_'*' expr    (9)
    expr : expr_'/' expr    (10)
    expr : expr_'=' expr    (11)
    expr : expr_'>' expr    (12)
    expr : expr_'<' expr    (13)
    expr : expr_AND expr    (14)
    expr : expr_OR expr    (15)
    expr : expr_COLONEQUAL expr    (20)
    expr : expr_';' expr    (21)
    expr : '(' expr_')'    (27)

    BOOLEAN shift 4
    FST shift 5
    FUN shift 6
    HEAD shift 7
    IDENT shift 8
    IF shift 9
    INTEGER shift 10
    LET shift 11
    NIL shift 12
    NOT shift 13
    SND shift 14
    TAIL shift 15
    WHILE shift 16
    '(' shift 17
    '~' shift 18
    AND shift 19
    COLONCOLON shift 20
    COLONEQUAL shift 21
    OR shift 22
    '*' shift 23
    '+' shift 24
    '-' shift 25
    '/' shift 26
    ';' shift 27
    '<' shift 28
    '=' shift 29
    '>' shift 30
    ')' shift 60
    ',' shift 61
    . error

    expr goto 59
    val goto 3

state 41 (entry on ')')
    val : '(' ')'_    (31)

    ALLOW error
    '$' error
    UNIT error
    FALSE error
    error error
    TRUE error
    . reduce 31

42: shift/reduce conflict (shift 27 and red'n 16) on ';'
state 42 (entry on expr)
    expr : expr_COLONCOLON expr    (4)
    expr : expr_'+' expr    (7)
    expr : expr_'-' expr    (8)
    expr : expr_'*' expr    (9)
    expr : expr_'/' expr    (10)
    expr : expr_'=' expr    (11)
    expr : expr_'>' expr    (12)
    expr : expr_'<' expr    (13)
    expr : expr_AND expr    (14)
    expr : expr_OR expr    (15)
    expr : '~' expr_    (16)
    expr : expr_COLONEQUAL expr    (20)
    expr : expr_';' expr    (21)

    '$' error
    FALSE error
    error error
    UNIT error
    TRUE error
    ALLOW error
    AND shift 19
    COLONCOLON shift 20
    COLONEQUAL shift 21
    OR shift 22
    '*' shift 23
    '+' shift 24
    '-' shift 25
    '/' shift 26
    ';' shift 27
    '<' shift 28
    '=' shift 29
    '>' shift 30
    . reduce 16

43: shift/reduce conflict (shift 27 and red'n 14) on ';'
state 43 (entry on expr)
    expr : expr_COLONCOLON expr    (4)
    expr : expr_'+' expr    (7)
    expr : expr_'-' expr    (8)
    expr : expr_'*' expr    (9)
    expr : expr_'/' expr    (10)
    expr : expr_'=' expr    (11)
    expr : expr_'>' expr    (12)
    expr : expr_'<' expr    (13)
    expr : expr_AND expr    (14)
    expr : expr AND expr_    (14)
    expr : expr_OR expr    (15)
    expr : expr_COLONEQUAL expr    (20)
    expr : expr_';' expr    (21)

    ALLOW error
    UNIT error
    TRUE error
    '$' error
    error error
    FALSE error
    COLONCOLON shift 20
    COLONEQUAL shift 21
    ';' shift 27
    . reduce 14

44: shift/reduce conflict (shift 27 and red'n 4) on ';'
state 44 (entry on expr)
    expr : expr_COLONCOLON expr    (4)
    expr : expr COLONCOLON expr_    (4)
    expr : expr_'+' expr    (7)
    expr : expr_'-' expr    (8)
    expr : expr_'*' expr    (9)
    expr : expr_'/' expr    (10)
    expr : expr_'=' expr    (11)
    expr : expr_'>' expr    (12)
    expr : expr_'<' expr    (13)
    expr : expr_AND expr    (14)
    expr : expr_OR expr    (15)
    expr : expr_COLONEQUAL expr    (20)
    expr : expr_';' expr    (21)

    ALLOW error
    UNIT error
    TRUE error
    '$' error
    error error
    FALSE error
    COLONCOLON shift 20
    COLONEQUAL shift 21
    ';' shift 27
    . reduce 4

45: shift/reduce conflict (shift 27 and red'n 20) on ';'
state 45 (entry on expr)
    expr : expr_COLONCOLON expr    (4)
    expr : expr_'+' expr    (7)
    expr : expr_'-' expr    (8)
    expr : expr_'*' expr    (9)
    expr : expr_'/' expr    (10)
    expr : expr_'=' expr    (11)
    expr : expr_'>' expr    (12)
    expr : expr_'<' expr    (13)
    expr : expr_AND expr    (14)
    expr : expr_OR expr    (15)
    expr : expr_COLONEQUAL expr    (20)
    expr : expr COLONEQUAL expr_    (20)
    expr : expr_';' expr    (21)

    ALLOW error
    UNIT error
    TRUE error
    '$' error
    error error
    FALSE error
    COLONCOLON shift 20
    COLONEQUAL shift 21
    ';' shift 27
    . reduce 20

46: shift/reduce conflict (shift 27 and red'n 15) on ';'
state 46 (entry on expr)
    expr : expr_COLONCOLON expr    (4)
    expr : expr_'+' expr    (7)
    expr : expr_'-' expr    (8)
    expr : expr_'*' expr    (9)
    expr : expr_'/' expr    (10)
    expr : expr_'=' expr    (11)
    expr : expr_'>' expr    (12)
    expr : expr_'<' expr    (13)
    expr : expr_AND expr    (14)
    expr : expr_OR expr    (15)
    expr : expr OR expr_    (15)
    expr : expr_COLONEQUAL expr    (20)
    expr : expr_';' expr    (21)

    ALLOW error
    UNIT error
    TRUE error
    '$' error
    error error
    FALSE error
    COLONCOLON shift 20
    COLONEQUAL shift 21
    ';' shift 27
    . reduce 15

47: shift/reduce conflict (shift 27 and red'n 9) on ';'
state 47 (entry on expr)
    expr : expr_COLONCOLON expr    (4)
    expr : expr_'+' expr    (7)
    expr : expr_'-' expr    (8)
    expr : expr_'*' expr    (9)
    expr : expr '*' expr_    (9)
    expr : expr_'/' expr    (10)
    expr : expr_'=' expr    (11)
    expr : expr_'>' expr    (12)
    expr : expr_'<' expr    (13)
    expr : expr_AND expr    (14)
    expr : expr_OR expr    (15)
    expr : expr_COLONEQUAL expr    (20)
    expr : expr_';' expr    (21)

    '$' error
    FALSE error
    error error
    UNIT error
    TRUE error
    ALLOW error
    AND shift 19
    COLONCOLON shift 20
    COLONEQUAL shift 21
    OR shift 22
    '*' shift 23
    '+' shift 24
    '-' shift 25
    '/' shift 26
    ';' shift 27
    '<' shift 28
    '=' shift 29
    '>' shift 30
    . reduce 9

48: shift/reduce conflict (shift 27 and red'n 7) on ';'
state 48 (entry on expr)
    expr : expr_COLONCOLON expr    (4)
    expr : expr_'+' expr    (7)
    expr : expr '+' expr_    (7)
    expr : expr_'-' expr    (8)
    expr : expr_'*' expr    (9)
    expr : expr_'/' expr    (10)
    expr : expr_'=' expr    (11)
    expr : expr_'>' expr    (12)
    expr : expr_'<' expr    (13)
    expr : expr_AND expr    (14)
    expr : expr_OR expr    (15)
    expr : expr_COLONEQUAL expr    (20)
    expr : expr_';' expr    (21)

    FALSE error
    error error
    TRUE error
    UNIT error
    ALLOW error
    '$' error
    AND shift 19
    COLONCOLON shift 20
    COLONEQUAL shift 21
    OR shift 22
    ';' shift 27
    '<' shift 28
    '=' shift 29
    '>' shift 30
    . reduce 7

49: shift/reduce conflict (shift 27 and red'n 8) on ';'
state 49 (entry on expr)
    expr : expr_COLONCOLON expr    (4)
    expr : expr_'+' expr    (7)
    expr : expr_'-' expr    (8)
    expr : expr '-' expr_    (8)
    expr : expr_'*' expr    (9)
    expr : expr_'/' expr    (10)
    expr : expr_'=' expr    (11)
    expr : expr_'>' expr    (12)
    expr : expr_'<' expr    (13)
    expr : expr_AND expr    (14)
    expr : expr_OR expr    (15)
    expr : expr_COLONEQUAL expr    (20)
    expr : expr_';' expr    (21)

    FALSE error
    error error
    TRUE error
    UNIT error
    ALLOW error
    '$' error
    AND shift 19
    COLONCOLON shift 20
    COLONEQUAL shift 21
    OR shift 22
    ';' shift 27
    '<' shift 28
    '=' shift 29
    '>' shift 30
    . reduce 8

50: shift/reduce conflict (shift 27 and red'n 10) on ';'
state 50 (entry on expr)
    expr : expr_COLONCOLON expr    (4)
    expr : expr_'+' expr    (7)
    expr : expr_'-' expr    (8)
    expr : expr_'*' expr    (9)
    expr : expr_'/' expr    (10)
    expr : expr '/' expr_    (10)
    expr : expr_'=' expr    (11)
    expr : expr_'>' expr    (12)
    expr : expr_'<' expr    (13)
    expr : expr_AND expr    (14)
    expr : expr_OR expr    (15)
    expr : expr_COLONEQUAL expr    (20)
    expr : expr_';' expr    (21)

    '$' error
    FALSE error
    error error
    UNIT error
    TRUE error
    ALLOW error
    AND shift 19
    COLONCOLON shift 20
    COLONEQUAL shift 21
    OR shift 22
    '*' shift 23
    '+' shift 24
    '-' shift 25
    '/' shift 26
    ';' shift 27
    '<' shift 28
    '=' shift 29
    '>' shift 30
    . reduce 10

51: shift/reduce conflict (shift 19 and red'n 21) on AND
51: shift/reduce conflict (shift 20 and red'n 21) on COLONCOLON
51: shift/reduce conflict (shift 21 and red'n 21) on COLONEQUAL
51: shift/reduce conflict (shift 22 and red'n 21) on OR
51: shift/reduce conflict (shift 23 and red'n 21) on '*'
51: shift/reduce conflict (shift 24 and red'n 21) on '+'
51: shift/reduce conflict (shift 25 and red'n 21) on '-'
51: shift/reduce conflict (shift 26 and red'n 21) on '/'
51: shift/reduce conflict (shift 27 and red'n 21) on ';'
51: shift/reduce conflict (shift 28 and red'n 21) on '<'
51: shift/reduce conflict (shift 29 and red'n 21) on '='
51: shift/reduce conflict (shift 30 and red'n 21) on '>'
state 51 (entry on expr)
    expr : expr_COLONCOLON expr    (4)
    expr : expr_'+' expr    (7)
    expr : expr_'-' expr    (8)
    expr : expr_'*' expr    (9)
    expr : expr_'/' expr    (10)
    expr : expr_'=' expr    (11)
    expr : expr_'>' expr    (12)
    expr : expr_'<' expr    (13)
    expr : expr_AND expr    (14)
    expr : expr_OR expr    (15)
    expr : expr_COLONEQUAL expr    (20)
    expr : expr_';' expr    (21)
    expr : expr ';' expr_    (21)

    '$' error
    FALSE error
    error error
    UNIT error
    TRUE error
    ALLOW error
    AND shift 19
    COLONCOLON shift 20
    COLONEQUAL shift 21
    OR shift 22
    '*' shift 23
    '+' shift 24
    '-' shift 25
    '/' shift 26
    ';' shift 27
    '<' shift 28
    '=' shift 29
    '>' shift 30
    . reduce 21

52: shift/reduce conflict (shift 27 and red'n 13) on ';'
state 52 (entry on expr)
    expr : expr_COLONCOLON expr    (4)
    expr : expr_'+' expr    (7)
    expr : expr_'-' expr    (8)
    expr : expr_'*' expr    (9)
    expr : expr_'/' expr    (10)
    expr : expr_'=' expr    (11)
    expr : expr_'>' expr    (12)
    expr : expr_'<' expr    (13)
    expr : expr '<' expr_    (13)
    expr : expr_AND expr    (14)
    expr : expr_OR expr    (15)
    expr : expr_COLONEQUAL expr    (20)
    expr : expr_';' expr    (21)

    ALLOW error
    TRUE error
    UNIT error
    error error
    FALSE error
    '$' error
    AND shift 19
    COLONCOLON shift 20
    COLONEQUAL shift 21
    OR shift 22
    ';' shift 27
    . reduce 13

53: shift/reduce conflict (shift 27 and red'n 11) on ';'
state 53 (entry on expr)
    expr : expr_COLONCOLON expr    (4)
    expr : expr_'+' expr    (7)
    expr : expr_'-' expr    (8)
    expr : expr_'*' expr    (9)
    expr : expr_'/' expr    (10)
    expr : expr_'=' expr    (11)
    expr : expr '=' expr_    (11)
    expr : expr_'>' expr    (12)
    expr : expr_'<' expr    (13)
    expr : expr_AND expr    (14)
    expr : expr_OR expr    (15)
    expr : expr_COLONEQUAL expr    (20)
    expr : expr_';' expr    (21)

    ALLOW error
    TRUE error
    UNIT error
    error error
    FALSE error
    '$' error
    AND shift 19
    COLONCOLON shift 20
    COLONEQUAL shift 21
    OR shift 22
    ';' shift 27
    . reduce 11

54: shift/reduce conflict (shift 27 and red'n 12) on ';'
state 54 (entry on expr)
    expr : expr_COLONCOLON expr    (4)
    expr : expr_'+' expr    (7)
    expr : expr_'-' expr    (8)
    expr : expr_'*' expr    (9)
    expr : expr_'/' expr    (10)
    expr : expr_'=' expr    (11)
    expr : expr_'>' expr    (12)
    expr : expr '>' expr_    (12)
    expr : expr_'<' expr    (13)
    expr : expr_AND expr    (14)
    expr : expr_OR expr    (15)
    expr : expr_COLONEQUAL expr    (20)
    expr : expr_';' expr    (21)

    ALLOW error
    TRUE error
    UNIT error
    error error
    FALSE error
    '$' error
    AND shift 19
    COLONCOLON shift 20
    COLONEQUAL shift 21
    OR shift 22
    ';' shift 27
    . reduce 12

state 55 (entry on ALLOW)
    val : FUN IDENT ALLOW_expr    (32)

    BOOLEAN shift 4
    FST shift 5
    FUN shift 6
    HEAD shift 7
    IDENT shift 8
    IF shift 9
    INTEGER shift 10
    LET shift 11
    NIL shift 12
    NOT shift 13
    SND shift 14
    TAIL shift 15
    WHILE shift 16
    '(' shift 17
    '~' shift 18
    . error

    expr goto 62
    val goto 3

state 56 (entry on THEN)
    expr : IF expr THEN_expr ELSE expr END    (19)

    BOOLEAN shift 4
    FST shift 5
    FUN shift 6
    HEAD shift 7
    IDENT shift 8
    IF shift 9
    INTEGER shift 10
    LET shift 11
    NIL shift 12
    NOT shift 13
    SND shift 14
    TAIL shift 15
    WHILE shift 16
    '(' shift 17
    '~' shift 18
    . error

    expr goto 63
    val goto 3

state 57 (entry on '=')
    expr : LET IDENT '='_expr IN expr END    (18)

    BOOLEAN shift 4
    FST shift 5
    FUN shift 6
    HEAD shift 7
    IDENT shift 8
    IF shift 9
    INTEGER shift 10
    LET shift 11
    NIL shift 12
    NOT shift 13
    SND shift 14
    TAIL shift 15
    WHILE shift 16
    '(' shift 17
    '~' shift 18
    . error

    expr goto 64
    val goto 3

state 58 (entry on DO)
    expr : WHILE expr DO_expr END    (22)

    BOOLEAN shift 4
    FST shift 5
    FUN shift 6
    HEAD shift 7
    IDENT shift 8
    IF shift 9
    INTEGER shift 10
    LET shift 11
    NIL shift 12
    NOT shift 13
    SND shift 14
    TAIL shift 15
    WHILE shift 16
    '(' shift 17
    '~' shift 18
    . error

    expr goto 65
    val goto 3

state 59 (entry on expr)
    expr : expr_COLONCOLON expr    (4)
    expr : '(' expr expr_')'    (6)
    expr : expr_'+' expr    (7)
    expr : expr_'-' expr    (8)
    expr : expr_'*' expr    (9)
    expr : expr_'/' expr    (10)
    expr : expr_'=' expr    (11)
    expr : expr_'>' expr    (12)
    expr : expr_'<' expr    (13)
    expr : expr_AND expr    (14)
    expr : expr_OR expr    (15)
    expr : expr_COLONEQUAL expr    (20)
    expr : expr_';' expr    (21)

    AND shift 19
    COLONCOLON shift 20
    COLONEQUAL shift 21
    OR shift 22
    '*' shift 23
    '+' shift 24
    '-' shift 25
    '/' shift 26
    ';' shift 27
    '<' shift 28
    '=' shift 29
    '>' shift 30
    ')' shift 66
    . error

state 60 (entry on ')')
    expr : '(' expr ')'_    (27)

    ALLOW error
    '$' error
    UNIT error
    FALSE error
    error error
    TRUE error
    . reduce 27

state 61 (entry on ',')
    expr : '(' expr ','_expr ')'    (5)

    BOOLEAN shift 4
    FST shift 5
    FUN shift 6
    HEAD shift 7
    IDENT shift 8
    IF shift 9
    INTEGER shift 10
    LET shift 11
    NIL shift 12
    NOT shift 13
    SND shift 14
    TAIL shift 15
    WHILE shift 16
    '(' shift 17
    '~' shift 18
    . error

    expr goto 67
    val goto 3

62: shift/reduce conflict (shift 27 and red'n 32) on ';'
state 62 (entry on expr)
    expr : expr_COLONCOLON expr    (4)
    expr : expr_'+' expr    (7)
    expr : expr_'-' expr    (8)
    expr : expr_'*' expr    (9)
    expr : expr_'/' expr    (10)
    expr : expr_'=' expr    (11)
    expr : expr_'>' expr    (12)
    expr : expr_'<' expr    (13)
    expr : expr_AND expr    (14)
    expr : expr_OR expr    (15)
    expr : expr_COLONEQUAL expr    (20)
    expr : expr_';' expr    (21)
    val : FUN IDENT ALLOW expr_    (32)

    TRUE error
    UNIT error
    ALLOW error
    FALSE error
    '$' error
    error error
    ';' shift 27
    . reduce 32

state 63 (entry on expr)
    expr : expr_COLONCOLON expr    (4)
    expr : expr_'+' expr    (7)
    expr : expr_'-' expr    (8)
    expr : expr_'*' expr    (9)
    expr : expr_'/' expr    (10)
    expr : expr_'=' expr    (11)
    expr : expr_'>' expr    (12)
    expr : expr_'<' expr    (13)
    expr : expr_AND expr    (14)
    expr : expr_OR expr    (15)
    expr : IF expr THEN expr_ELSE expr END    (19)
    expr : expr_COLONEQUAL expr    (20)
    expr : expr_';' expr    (21)

    AND shift 19
    COLONCOLON shift 20
    COLONEQUAL shift 21
    OR shift 22
    '*' shift 23
    '+' shift 24
    '-' shift 25
    '/' shift 26
    ';' shift 27
    '<' shift 28
    '=' shift 29
    '>' shift 30
    ELSE shift 68
    . error

state 64 (entry on expr)
    expr : expr_COLONCOLON expr    (4)
    expr : expr_'+' expr    (7)
    expr : expr_'-' expr    (8)
    expr : expr_'*' expr    (9)
    expr : expr_'/' expr    (10)
    expr : expr_'=' expr    (11)
    expr : expr_'>' expr    (12)
    expr : expr_'<' expr    (13)
    expr : expr_AND expr    (14)
    expr : expr_OR expr    (15)
    expr : LET IDENT '=' expr_IN expr END    (18)
    expr : expr_COLONEQUAL expr    (20)
    expr : expr_';' expr    (21)

    AND shift 19
    COLONCOLON shift 20
    COLONEQUAL shift 21
    OR shift 22
    '*' shift 23
    '+' shift 24
    '-' shift 25
    '/' shift 26
    ';' shift 27
    '<' shift 28
    '=' shift 29
    '>' shift 30
    IN shift 69
    . error

state 65 (entry on expr)
    expr : expr_COLONCOLON expr    (4)
    expr : expr_'+' expr    (7)
    expr : expr_'-' expr    (8)
    expr : expr_'*' expr    (9)
    expr : expr_'/' expr    (10)
    expr : expr_'=' expr    (11)
    expr : expr_'>' expr    (12)
    expr : expr_'<' expr    (13)
    expr : expr_AND expr    (14)
    expr : expr_OR expr    (15)
    expr : expr_COLONEQUAL expr    (20)
    expr : expr_';' expr    (21)
    expr : WHILE expr DO expr_END    (22)

    AND shift 19
    COLONCOLON shift 20
    COLONEQUAL shift 21
    OR shift 22
    '*' shift 23
    '+' shift 24
    '-' shift 25
    '/' shift 26
    ';' shift 27
    '<' shift 28
    '=' shift 29
    '>' shift 30
    END shift 70
    . error

state 66 (entry on ')')
    expr : '(' expr expr ')'_    (6)

    ALLOW error
    '$' error
    UNIT error
    FALSE error
    error error
    TRUE error
    . reduce 6

state 67 (entry on expr)
    expr : expr_COLONCOLON expr    (4)
    expr : '(' expr ',' expr_')'    (5)
    expr : expr_'+' expr    (7)
    expr : expr_'-' expr    (8)
    expr : expr_'*' expr    (9)
    expr : expr_'/' expr    (10)
    expr : expr_'=' expr    (11)
    expr : expr_'>' expr    (12)
    expr : expr_'<' expr    (13)
    expr : expr_AND expr    (14)
    expr : expr_OR expr    (15)
    expr : expr_COLONEQUAL expr    (20)
    expr : expr_';' expr    (21)

    AND shift 19
    COLONCOLON shift 20
    COLONEQUAL shift 21
    OR shift 22
    '*' shift 23
    '+' shift 24
    '-' shift 25
    '/' shift 26
    ';' shift 27
    '<' shift 28
    '=' shift 29
    '>' shift 30
    ')' shift 71
    . error

state 68 (entry on ELSE)
    expr : IF expr THEN expr ELSE_expr END    (19)

    BOOLEAN shift 4
    FST shift 5
    FUN shift 6
    HEAD shift 7
    IDENT shift 8
    IF shift 9
    INTEGER shift 10
    LET shift 11
    NIL shift 12
    NOT shift 13
    SND shift 14
    TAIL shift 15
    WHILE shift 16
    '(' shift 17
    '~' shift 18
    . error

    expr goto 72
    val goto 3

state 69 (entry on IN)
    expr : LET IDENT '=' expr IN_expr END    (18)

    BOOLEAN shift 4
    FST shift 5
    FUN shift 6
    HEAD shift 7
    IDENT shift 8
    IF shift 9
    INTEGER shift 10
    LET shift 11
    NIL shift 12
    NOT shift 13
    SND shift 14
    TAIL shift 15
    WHILE shift 16
    '(' shift 17
    '~' shift 18
    . error

    expr goto 73
    val goto 3

state 70 (entry on END)
    expr : WHILE expr DO expr END_    (22)

    ALLOW error
    '$' error
    UNIT error
    FALSE error
    error error
    TRUE error
    . reduce 22

state 71 (entry on ')')
    expr : '(' expr ',' expr ')'_    (5)

    ALLOW error
    '$' error
    UNIT error
    FALSE error
    error error
    TRUE error
    . reduce 5

state 72 (entry on expr)
    expr : expr_COLONCOLON expr    (4)
    expr : expr_'+' expr    (7)
    expr : expr_'-' expr    (8)
    expr : expr_'*' expr    (9)
    expr : expr_'/' expr    (10)
    expr : expr_'=' expr    (11)
    expr : expr_'>' expr    (12)
    expr : expr_'<' expr    (13)
    expr : expr_AND expr    (14)
    expr : expr_OR expr    (15)
    expr : IF expr THEN expr ELSE expr_END    (19)
    expr : expr_COLONEQUAL expr    (20)
    expr : expr_';' expr    (21)

    AND shift 19
    COLONCOLON shift 20
    COLONEQUAL shift 21
    OR shift 22
    '*' shift 23
    '+' shift 24
    '-' shift 25
    '/' shift 26
    ';' shift 27
    '<' shift 28
    '=' shift 29
    '>' shift 30
    END shift 74
    . error

state 73 (entry on expr)
    expr : expr_COLONCOLON expr    (4)
    expr : expr_'+' expr    (7)
    expr : expr_'-' expr    (8)
    expr : expr_'*' expr    (9)
    expr : expr_'/' expr    (10)
    expr : expr_'=' expr    (11)
    expr : expr_'>' expr    (12)
    expr : expr_'<' expr    (13)
    expr : expr_AND expr    (14)
    expr : expr_OR expr    (15)
    expr : LET IDENT '=' expr IN expr_END    (18)
    expr : expr_COLONEQUAL expr    (20)
    expr : expr_';' expr    (21)

    AND shift 19
    COLONCOLON shift 20
    COLONEQUAL shift 21
    OR shift 22
    '*' shift 23
    '+' shift 24
    '-' shift 25
    '/' shift 26
    ';' shift 27
    '<' shift 28
    '=' shift 29
    '>' shift 30
    END shift 75
    . error

state 74 (entry on END)
    expr : IF expr THEN expr ELSE expr END_    (19)

    ALLOW error
    '$' error
    UNIT error
    FALSE error
    error error
    TRUE error
    . reduce 19

state 75 (entry on END)
    expr : LET IDENT '=' expr IN expr END_    (18)

    ALLOW error
    '$' error
    UNIT error
    FALSE error
    error error
    TRUE error
    . reduce 18

41 terminals, 3 nonterminals;
32 grammar rules, 76 states;
74 shift/reduce and 0 reduce/reduce conflicts reported.
